0 info it worked if it ends with ok
1 verbose cli [ '/usr/bin/nodejs',
1 verbose cli   '/home/joachim/.node_modules_global/bin/npm',
1 verbose cli   'run',
1 verbose cli   'dex' ]
2 info using npm@3.9.5
3 info using node@v5.11.0
4 verbose stack Error: missing script: dex
4 verbose stack     at run (/home/joachim/.node_modules_global/lib/node_modules/npm/lib/run-script.js:150:19)
4 verbose stack     at /home/joachim/.node_modules_global/lib/node_modules/npm/lib/run-script.js:60:5
4 verbose stack     at /home/joachim/.node_modules_global/lib/node_modules/npm/node_modules/read-package-json/read-json.js:356:5
4 verbose stack     at checkBinReferences_ (/home/joachim/.node_modules_global/lib/node_modules/npm/node_modules/read-package-json/read-json.js:320:45)
4 verbose stack     at final (/home/joachim/.node_modules_global/lib/node_modules/npm/node_modules/read-package-json/read-json.js:354:3)
4 verbose stack     at then (/home/joachim/.node_modules_global/lib/node_modules/npm/node_modules/read-package-json/read-json.js:124:5)
4 verbose stack     at ReadFileContext.<anonymous> (/home/joachim/.node_modules_global/lib/node_modules/npm/node_modules/read-package-json/read-json.js:295:20)
4 verbose stack     at ReadFileContext.callback (/home/joachim/.node_modules_global/lib/node_modules/npm/node_modules/graceful-fs/graceful-fs.js:78:16)
4 verbose stack     at FSReqWrap.readFileAfterOpen [as oncomplete] (fs.js:324:13)
5 verbose cwd /home/joachim/code/learnxyz-client
6 error Linux 4.4.0-22-generic
7 error argv "/usr/bin/nodejs" "/home/joachim/.node_modules_global/bin/npm" "run" "dex"
8 error node v5.11.0
9 error npm  v3.9.5
10 error missing script: dex
11 error If you need help, you may report this error at:
11 error     <https://github.com/npm/npm/issues>
12 verbose exit [ 1, true ]
